00:58:19.994 | V |                      | ArgumentsFromParametersFile.OnBuildCreated (150)
00:58:20.002 | V |                      | HandleReSharperSurrogateArguments.OnBuildCreated (150)
00:58:20.002 | V |                      | InjectParameterValues.OnBuildCreated (100)
00:58:20.012 | V |                      | HandleShellCompletion.OnBuildCreated (75)
00:58:20.165 | V |                      | GenerateBuildServerConfigurations.OnBuildCreated (50)
00:58:20.165 | V |                      | InvokeBuildServerConfigurationGeneration.OnBuildCreated (45)
00:58:20.172 | V |                      | UpdateNotification.OnBuildCreated (10)
00:58:20.172 | V |                      | UnsetVisualStudioEnvironmentVariables.OnBuildCreated (0)
00:58:20.172 | V |                      | HandleVisualStudioDebugging.OnBuildCreated (0)
00:58:20.173 | V |                      | EventInvoker.OnBuildCreated (-3.4028235E+38)
00:58:20.179 | V |                      | HandlePlanRequests.OnBuildInitialized (10)
00:58:20.179 | V |                      | HandleHelpRequests.OnBuildInitialized (5)
00:58:20.179 | V |                      | Telemetry.OnBuildInitialized (0)
00:58:20.671 | V |                      | Sending BuildStarted telemetry event ...
00:58:20.672 | V |                      |   build_components         = 
00:58:20.672 | V |                      |   build_type               = Project
00:58:20.672 | V |                      |   compile_time             = 4
00:58:20.672 | V |                      |   config_generators        = 
00:58:20.672 | V |                      |   host                     = Terminal
00:58:20.672 | V |                      |   num_custom_components    = 0
00:58:20.672 | V |                      |   num_custom_extensions    = 0
00:58:20.672 | V |                      |   num_partitioned_targets  = 0
00:58:20.672 | V |                      |   num_secrets              = 0
00:58:20.672 | V |                      |   num_targets              = 15
00:58:20.672 | V |                      |   os_architecture          = Arm64
00:58:20.672 | V |                      |   os_platform              = OSX
00:58:20.672 | V |                      |   repo_branch              = main
00:58:20.672 | V |                      |   repo_commit              = a1e3c8
00:58:20.672 | V |                      |   repo_provider            = GitHub
00:58:20.672 | V |                      |   repo_url                 = 6fdac7
00:58:20.672 | V |                      |   target_framework         = .NETCoreApp,Version=v10.0
00:58:20.672 | V |                      |   version_dotnet_sdk       = 10.0.101
00:58:20.672 | V |                      |   version_nuke_common      = 10.1.0
00:58:20.672 | V |                      |   version_nuke_global_tool = 10.1.0
00:58:25.240 | V |                      | InjectNonParameterValues.OnBuildInitialized (-100)
00:58:25.241 | V |                      | EventInvoker.OnBuildInitialized (-3.4028235E+38)
00:58:25.252 | V | UpdateVersionFiles   | EventInvoker.OnTargetRunning (-3.4028235E+38)
00:58:25.253 | I | UpdateVersionFiles   | Use 0.1.0
00:58:25.260 | I | UpdateVersionFiles   | Update /Users/waitgodot/project/WorldSeed-ConstructBabel/src/Cargo.toml
00:58:25.262 | V | UpdateVersionFiles   | Telemetry.OnTargetSucceeded (0)
00:58:25.262 | V | UpdateVersionFiles   | EventInvoker.OnTargetSucceeded (-3.4028235E+38)
00:58:25.266 | V |                      | UpdateNotification.OnBuildFinished (10)
00:58:25.266 | V |                      | SerializeBuildServerState.OnBuildFinished (0)
00:58:25.266 | V |                      | EventInvoker.OnBuildFinished (-3.4028235E+38)
