V |                      | ArgumentsFromParametersFile.OnBuildCreated (150)
V |                      | HandleReSharperSurrogateArguments.OnBuildCreated (150)
V |                      | InjectParameterValues.OnBuildCreated (100)
V |                      | HandleShellCompletion.OnBuildCreated (75)
V |                      | GenerateBuildServerConfigurations.OnBuildCreated (50)
V |                      | InvokeBuildServerConfigurationGeneration.OnBuildCreated (45)
V |                      | UpdateNotification.OnBuildCreated (10)
V |                      | UnsetVisualStudioEnvironmentVariables.OnBuildCreated (0)
V |                      | HandleVisualStudioDebugging.OnBuildCreated (0)
V |                      | EventInvoker.OnBuildCreated (-3.4028235E+38)
V |                      | HandlePlanRequests.OnBuildInitialized (10)
V |                      | HandleHelpRequests.OnBuildInitialized (5)
V |                      | Telemetry.OnBuildInitialized (0)
V |                      | Sending BuildStarted telemetry event ...
V |                      |   build_components         = 
V |                      |   build_type               = Project
V |                      |   compile_time             = 4
V |                      |   config_generators        = 
V |                      |   host                     = Terminal
V |                      |   num_custom_components    = 0
V |                      |   num_custom_extensions    = 0
V |                      |   num_partitioned_targets  = 0
V |                      |   num_secrets              = 0
V |                      |   num_targets              = 15
V |                      |   os_architecture          = Arm64
V |                      |   os_platform              = OSX
V |                      |   repo_branch              = main
V |                      |   repo_commit              = a1e3c8
V |                      |   repo_provider            = GitHub
V |                      |   repo_url                 = 6fdac7
V |                      |   target_framework         = .NETCoreApp,Version=v10.0
V |                      |   version_dotnet_sdk       = 10.0.101
V |                      |   version_nuke_common      = 10.1.0
V |                      |   version_nuke_global_tool = 10.1.0
V |                      | InjectNonParameterValues.OnBuildInitialized (-100)
V |                      | EventInvoker.OnBuildInitialized (-3.4028235E+38)
V | RestoreGitSubmodules | EventInvoker.OnTargetRunning (-3.4028235E+38)
I | RestoreGitSubmodules | > /usr/bin/git submodule update --init --recursive
V | RestoreGitSubmodules | @ /Users/waitgodot/project/WorldSeed-ConstructBabel
D | RestoreGitSubmodules | Submodule 'dlg' (https://github.com/nyorain/dlg.git) registered for path 'library/freetype/subprojects/dlg'
D | RestoreGitSubmodules | Cloning into '/Users/waitgodot/project/WorldSeed-ConstructBabel/library/freetype/subprojects/dlg'...
D | RestoreGitSubmodules | Submodule path 'library/freetype/subprojects/dlg': checked out '395ccad2c1e0daae535c4d20bb0a3f2424648e17'
V | RestoreGitSubmodules | Telemetry.OnTargetSucceeded (0)
V | RestoreGitSubmodules | EventInvoker.OnTargetSucceeded (-3.4028235E+38)
V | BuildSample          | EventInvoker.OnTargetRunning (-3.4028235E+38)
V | BuildSample          | Telemetry.OnTargetSucceeded (0)
V | BuildSample          | EventInvoker.OnTargetSucceeded (-3.4028235E+38)
V | BuildSdl             | EventInvoker.OnTargetRunning (-3.4028235E+38)
I | BuildSdl             | Run /opt/homebrew/bin/cmake "-S" "/Users/waitgodot/project/WorldSeed-ConstructBabel/library/SDL" "-B" "/Users/waitgodot/project/WorldSeed-ConstructBabel/build-Debug/SDL" "-G" "Ninja" "-DCMAKE_TOOLCHAIN_FILE=/Users/waitgodot/project/WorldSeed-ConstructBabel/native/toolchain.cmake" "-DCMAKE_BUILD_TYPE=Debug" "-DCMAKE_INSTALL_PREFIX=/Users/waitgodot/project/WorldSeed-ConstructBabel/install-Debug" "-DSTACCATO_INSTALL_ROOT=/Users/waitgodot/project/WorldSeed-ConstructBabel/install-Debug" "-Wno-dev" "-DSDL_INSTALL=ON" "-DSDL_DEPS_SHARED=ON" "-DSDL_SHARED=ON" "-DSDL_STATIC=OFF" "-DSDL_TESTS=OFF" "-DSDL_UNINSTALL=OFF" "-DSDL_EXAMPLES=OFF" "-DSDL_HIDAPI_LIBUSB=OFF" "-DSDL_HIDAPI_LIBUSB_SHARED=OFF"
I | BuildSdl             | Run /opt/homebrew/bin/cmake "--build" "." "--config" "Debug"
I | BuildSdl             | Run /opt/homebrew/bin/cmake "--install" "." "--config" "Debug"
V | BuildSdl             | Telemetry.OnTargetSucceeded (0)
V | BuildSdl             | EventInvoker.OnTargetSucceeded (-3.4028235E+38)
V | BuildBrotli          | EventInvoker.OnTargetRunning (-3.4028235E+38)
I | BuildBrotli          | Run /opt/homebrew/bin/cmake "-S" "/Users/waitgodot/project/WorldSeed-ConstructBabel/library/brotli" "-B" "/Users/waitgodot/project/WorldSeed-ConstructBabel/build-Debug/brotli" "-G" "Ninja" "-DCMAKE_TOOLCHAIN_FILE=/Users/waitgodot/project/WorldSeed-ConstructBabel/native/toolchain.cmake" "-DCMAKE_BUILD_TYPE=Debug" "-DCMAKE_INSTALL_PREFIX=/Users/waitgodot/project/WorldSeed-ConstructBabel/install-Debug" "-DSTACCATO_INSTALL_ROOT=/Users/waitgodot/project/WorldSeed-ConstructBabel/install-Debug" "-Wno-dev" "-DBROTLI_BUILD_TOOLS=OFF" "-DBUILD_SHARED_LIBS=OFF" "-DBUILD_STATIC_LIBS=ON"
I | BuildBrotli          | Run /opt/homebrew/bin/cmake "--build" "." "--config" "Debug"
I | BuildBrotli          | Run /opt/homebrew/bin/cmake "--install" "." "--config" "Debug"
V | BuildBrotli          | Telemetry.OnTargetSucceeded (0)
V | BuildBrotli          | EventInvoker.OnTargetSucceeded (-3.4028235E+38)
V | BuildZLib            | EventInvoker.OnTargetRunning (-3.4028235E+38)
I | BuildZLib            | Run /opt/homebrew/bin/cmake "-S" "/Users/waitgodot/project/WorldSeed-ConstructBabel/library/zlib" "-B" "/Users/waitgodot/project/WorldSeed-ConstructBabel/build-Debug/zlib" "-G" "Ninja" "-DCMAKE_TOOLCHAIN_FILE=/Users/waitgodot/project/WorldSeed-ConstructBabel/native/toolchain.cmake" "-DCMAKE_BUILD_TYPE=Debug" "-DCMAKE_INSTALL_PREFIX=/Users/waitgodot/project/WorldSeed-ConstructBabel/install-Debug" "-DSTACCATO_INSTALL_ROOT=/Users/waitgodot/project/WorldSeed-ConstructBabel/install-Debug" "-Wno-dev" "-DZLIB_ENABLE_TESTS=OFF" "-DZLIB_COMPAT=ON" "-DWITH_GTEST=OFF" "-DBUILD_SHARED_LIBS=OFF" "-DBUILD_STATIC_LIBS=ON" "-DWITH_ARMV6=OFF" "-DWITH_NATIVE_INSTRUCTIONS=OFF"
I | BuildZLib            | Run /opt/homebrew/bin/cmake "--build" "." "--config" "Debug"
I | BuildZLib            | Run /opt/homebrew/bin/cmake "--install" "." "--config" "Debug"
V | BuildZLib            | Telemetry.OnTargetSucceeded (0)
V | BuildZLib            | EventInvoker.OnTargetSucceeded (-3.4028235E+38)
V | BuildLibPng          | EventInvoker.OnTargetRunning (-3.4028235E+38)
I | BuildLibPng          | Run /opt/homebrew/bin/cmake "-S" "/Users/waitgodot/project/WorldSeed-ConstructBabel/library/libpng" "-B" "/Users/waitgodot/project/WorldSeed-ConstructBabel/build-Debug/libpng" "-G" "Ninja" "-DCMAKE_TOOLCHAIN_FILE=/Users/waitgodot/project/WorldSeed-ConstructBabel/native/toolchain.cmake" "-DCMAKE_BUILD_TYPE=Debug" "-DCMAKE_INSTALL_PREFIX=/Users/waitgodot/project/WorldSeed-ConstructBabel/install-Debug" "-DSTACCATO_INSTALL_ROOT=/Users/waitgodot/project/WorldSeed-ConstructBabel/install-Debug" "-Wno-dev" "-DPNG_TESTS=OFF" "-DPNG_EXECUTABLES=OFF" "-DPNG_BUILD_ZLIB=OFF" "-DPNG_HARDWARE_OPTIMIZATIONS=ON" "-DPNG_TOOLS=OFF" "-DZLIB_ROOT=/Users/waitgodot/project/WorldSeed-ConstructBabel/install-Debug" "-DBUILD_SHARED_LIBS=OFF" "-DBUILD_STATIC_LIBS=ON" "-DPNG_SHARED=OFF" "-DPNG_STATIC=ON"
I | BuildLibPng          | Run /opt/homebrew/bin/cmake "--build" "." "--config" "Debug"
I | BuildLibPng          | Run /opt/homebrew/bin/cmake "--install" "." "--config" "Debug"
V | BuildLibPng          | Telemetry.OnTargetSucceeded (0)
V | BuildLibPng          | EventInvoker.OnTargetSucceeded (-3.4028235E+38)
V | BuildBZip2           | EventInvoker.OnTargetRunning (-3.4028235E+38)
I | BuildBZip2           | Run /opt/homebrew/bin/cmake "-S" "/Users/waitgodot/project/WorldSeed-ConstructBabel/library/bzip2" "-B" "/Users/waitgodot/project/WorldSeed-ConstructBabel/build-Debug/bzip2" "-G" "Ninja" "-DCMAKE_TOOLCHAIN_FILE=/Users/waitgodot/project/WorldSeed-ConstructBabel/native/toolchain.cmake" "-DCMAKE_BUILD_TYPE=Debug" "-DCMAKE_INSTALL_PREFIX=/Users/waitgodot/project/WorldSeed-ConstructBabel/install-Debug" "-DSTACCATO_INSTALL_ROOT=/Users/waitgodot/project/WorldSeed-ConstructBabel/install-Debug" "-Wno-dev" "-DENABLE_WERROR=OFF" "-DENABLE_APP=OFF" "-DENABLE_DEBUG=OFF" "-DENABLE_DOCS=OFF" "-DENABLE_EXAMPLES=OFF" "-DENABLE_LIB_ONLY=ON" "-DENABLE_SHARED_LIB=OFF" "-DENABLE_STATIC_LIB=ON"
I | BuildBZip2           | Run /opt/homebrew/bin/cmake "--build" "." "--config" "Debug"
I | BuildBZip2           | Run /opt/homebrew/bin/cmake "--install" "." "--config" "Debug"
V | BuildBZip2           | Telemetry.OnTargetSucceeded (0)
V | BuildBZip2           | EventInvoker.OnTargetSucceeded (-3.4028235E+38)
V | BuildFreeType        | EventInvoker.OnTargetRunning (-3.4028235E+38)
I | BuildFreeType        | Run /opt/homebrew/bin/cmake "-S" "/Users/waitgodot/project/WorldSeed-ConstructBabel/library/freetype" "-B" "/Users/waitgodot/project/WorldSeed-ConstructBabel/build-Debug/freetype" "-G" "Ninja" "-DCMAKE_TOOLCHAIN_FILE=/Users/waitgodot/project/WorldSeed-ConstructBabel/native/toolchain.cmake" "-DCMAKE_BUILD_TYPE=Debug" "-DCMAKE_INSTALL_PREFIX=/Users/waitgodot/project/WorldSeed-ConstructBabel/install-Debug" "-DSTACCATO_INSTALL_ROOT=/Users/waitgodot/project/WorldSeed-ConstructBabel/install-Debug" "-Wno-dev" "-DFT_REQUIRE_ZLIB=ON" "-DFT_REQUIRE_BZIP2=ON" "-DFT_REQUIRE_PNG=ON" "-DFT_REQUIRE_BROTLI=ON" "-DFT_REQUIRE_HARFBUZZ=ON" "-DFT_DYNAMIC_HARFBUZZ=ON" "-DZLIB_ROOT=/Users/waitgodot/project/WorldSeed-ConstructBabel/install-Debug" "-DBROTLIDEC_ROOT=/Users/waitgodot/project/WorldSeed-ConstructBabel/install-Debug" "-DPNG_ROOT=/Users/waitgodot/project/WorldSeed-ConstructBabel/install-Debug" "-DBZIP2_ROOT=/Users/waitgodot/project/WorldSeed-ConstructBabel/install-Debug" "-DBZIP2_INCLUDE_DIRS=/Users/waitgodot/project/WorldSeed-ConstructBabel/install-Debug/include" "-DBZIP2_LIBRARIES=/Users/waitgodot/project/WorldSeed-ConstructBabel/install-Debug/lib/libbz2_static.a" "-DBZIP2_LIBRARY_DEBUG=/Users/waitgodot/project/WorldSeed-ConstructBabel/install-Debug/lib/libbz2_static.a" "-DBZIP2_LIBRARY_RELEASE=/Users/waitgodot/project/WorldSeed-ConstructBabel/install-Debug/lib/libbz2_static.a" "-DBZIP2_NEED_PREFIX=ON" "-DBUILD_SHARED_LIBS=OFF" "-DBUILD_STATIC_LIBS=ON"
I | BuildFreeType        | Run /opt/homebrew/bin/cmake "--build" "." "--config" "Debug"
I | BuildFreeType        | Run /opt/homebrew/bin/cmake "--install" "." "--config" "Debug"
V | BuildFreeType        | Telemetry.OnTargetSucceeded (0)
V | BuildFreeType        | EventInvoker.OnTargetSucceeded (-3.4028235E+38)
V | BuildPlutosvg        | EventInvoker.OnTargetRunning (-3.4028235E+38)
I | BuildPlutosvg        | Run /opt/homebrew/bin/cmake "-S" "/Users/waitgodot/project/WorldSeed-ConstructBabel/library/plutosvg" "-B" "/Users/waitgodot/project/WorldSeed-ConstructBabel/build-Debug/plutosvg" "-G" "Ninja" "-DCMAKE_TOOLCHAIN_FILE=/Users/waitgodot/project/WorldSeed-ConstructBabel/native/toolchain.cmake" "-DCMAKE_BUILD_TYPE=Debug" "-DCMAKE_INSTALL_PREFIX=/Users/waitgodot/project/WorldSeed-ConstructBabel/install-Debug" "-DSTACCATO_INSTALL_ROOT=/Users/waitgodot/project/WorldSeed-ConstructBabel/install-Debug" "-Wno-dev" "-DPLUTOSVG_BUILD_EXAMPLES=OFF" "-DPLUTOSVG_ENABLE_FREETYPE=ON"
I | BuildPlutosvg        | Run /opt/homebrew/bin/cmake "--build" "." "--config" "Debug"
I | BuildPlutosvg        | Run /opt/homebrew/bin/cmake "--install" "." "--config" "Debug"
V | BuildPlutosvg        | Telemetry.OnTargetSucceeded (0)
V | BuildPlutosvg        | EventInvoker.OnTargetSucceeded (-3.4028235E+38)
V | BuildHarfbuzz        | EventInvoker.OnTargetRunning (-3.4028235E+38)
I | BuildHarfbuzz        | Using uv: /Users/waitgodot/.local/bin/uv
I | BuildHarfbuzz        | Using clang: /opt/homebrew/opt/llvm/bin/clang
I | BuildHarfbuzz        | Using clang++: /opt/homebrew/opt/llvm/bin/clang++
I | BuildHarfbuzz        | Using ar: /opt/homebrew/opt/llvm/bin/llvm-ar
I | BuildHarfbuzz        | Using ranlib: /opt/homebrew/opt/llvm/bin/llvm-ranlib
I | BuildHarfbuzz        | Using uv: /Users/waitgodot/.local/bin/uv
I | BuildHarfbuzz        | Using clang: /opt/homebrew/opt/llvm/bin/clang
I | BuildHarfbuzz        | Using clang++: /opt/homebrew/opt/llvm/bin/clang++
I | BuildHarfbuzz        | Using ar: /opt/homebrew/opt/llvm/bin/llvm-ar
I | BuildHarfbuzz        | Using ranlib: /opt/homebrew/opt/llvm/bin/llvm-ranlib
I | BuildHarfbuzz        | Using uv: /Users/waitgodot/.local/bin/uv
I | BuildHarfbuzz        | Using clang: /opt/homebrew/opt/llvm/bin/clang
I | BuildHarfbuzz        | Using clang++: /opt/homebrew/opt/llvm/bin/clang++
I | BuildHarfbuzz        | Using ar: /opt/homebrew/opt/llvm/bin/llvm-ar
I | BuildHarfbuzz        | Using ranlib: /opt/homebrew/opt/llvm/bin/llvm-ranlib
V | BuildHarfbuzz        | Telemetry.OnTargetSucceeded (0)
V | BuildHarfbuzz        | EventInvoker.OnTargetSucceeded (-3.4028235E+38)
V | BuildNative          | EventInvoker.OnTargetRunning (-3.4028235E+38)
I | BuildNative          | Run /opt/homebrew/bin/cmake "-S" "/Users/waitgodot/project/WorldSeed-ConstructBabel/native" "-B" "/Users/waitgodot/project/WorldSeed-ConstructBabel/build-Debug/native" "-G" "Ninja" "-DCMAKE_TOOLCHAIN_FILE=/Users/waitgodot/project/WorldSeed-ConstructBabel/native/toolchain.cmake" "-DCMAKE_BUILD_TYPE=Debug" "-DCMAKE_INSTALL_PREFIX=/Users/waitgodot/project/WorldSeed-ConstructBabel/artifact-Debug/native" "-DSTACCATO_INSTALL_ROOT=/Users/waitgodot/project/WorldSeed-ConstructBabel/install-Debug" "-Wno-dev"
I | BuildNative          | Run /opt/homebrew/bin/cmake "--build" "." "--config" "Debug"
E | BuildNative          | Target BuildNative has thrown an exception
System.InvalidOperationException: `/opt/homebrew/bin/cmake` process exit with non-zero code System.Diagnostics.Process
   at Build.RunTool(String name, String pwd, String[] args, Action`1 env) in /Users/waitgodot/project/WorldSeed-ConstructBabel/building/Build.cs:line 174
   at Build.RunCMake(String pwd, String[] args) in /Users/waitgodot/project/WorldSeed-ConstructBabel/building/Build.cs:line 210
   at Build.BuildCMake(String lib, String[] options) in /Users/waitgodot/project/WorldSeed-ConstructBabel/building/Build.cs:line 282
   at Build.<get_BuildNative>b__62_2() in /Users/waitgodot/project/WorldSeed-ConstructBabel/building/Build.cs:line 477
   at Nuke.Common.Execution.BuildExecutor.<>c.<Execute>b__4_2(Action x) in /_/source/Nuke.Build/Execution/BuildExecutor.cs:line 120
   at System.Collections.Generic.List`1.ForEach(Action`1 action)
   at Nuke.Common.Execution.BuildExecutor.Execute(NukeBuild build, ExecutableTarget target, IReadOnlyCollection`1 previouslyExecutedTargets, Boolean failureMode) in /_/source/Nuke.Build/Execution/BuildExecutor.cs:line 120
V | BuildNative          | EventInvoker.OnTargetFailed (-3.4028235E+38)
